  imgui.cpp
  imgui_demo.cpp
  imgui_draw.cpp
  imgui_widgets.cpp
  imgui_sdl.cpp
  BackRound.cpp
C:\Users\Mohammed Abdelnaby\source\repos\YESSSS\GAME1017_A2_AbdelnabyCserepka\src\BackRound.cpp(7,15): warning C4244: 'argument': conversion from 'T' to 'int', possible loss of data
          with
          [
              T=float
          ]
C:\Users\Mohammed Abdelnaby\source\repos\YESSSS\GAME1017_A2_AbdelnabyCserepka\src\BackRound.cpp(8,16): warning C4244: 'argument': conversion from 'T' to 'int', possible loss of data
          with
          [
              T=float
          ]
C:\Users\Mohammed Abdelnaby\source\repos\YESSSS\GAME1017_A2_AbdelnabyCserepka\src\BackRound.cpp(17,93): warning C4244: 'argument': conversion from 'T' to 'int', possible loss of data
          with
          [
              T=float
          ]
C:\Users\Mohammed Abdelnaby\source\repos\YESSSS\GAME1017_A2_AbdelnabyCserepka\src\BackRound.cpp(17,65): warning C4244: 'argument': conversion from 'T' to 'int', possible loss of data
          with
          [
              T=float
          ]
  Button.cpp
C:\Users\Mohammed Abdelnaby\source\repos\YESSSS\GAME1017_A2_AbdelnabyCserepka\src\Button.cpp(21,15): warning C4244: 'argument': conversion from 'const T' to 'int', possible loss of data
          with
          [
              T=float
          ]
C:\Users\Mohammed Abdelnaby\source\repos\YESSSS\GAME1017_A2_AbdelnabyCserepka\src\Button.cpp(22,16): warning C4244: 'argument': conversion from 'const T' to 'int', possible loss of data
          with
          [
              T=float
          ]
C:\Users\Mohammed Abdelnaby\source\repos\YESSSS\GAME1017_A2_AbdelnabyCserepka\src\Button.cpp(37,46): warning C4244: 'argument': conversion from 'const T' to 'int', possible loss of data
          with
          [
              T=float
          ]
C:\Users\Mohammed Abdelnaby\source\repos\YESSSS\GAME1017_A2_AbdelnabyCserepka\src\Button.cpp(37,43): warning C4244: 'argument': conversion from 'const T' to 'int', possible loss of data
          with
          [
              T=float
          ]
  Clouds.cpp
C:\Users\Mohammed Abdelnaby\source\repos\YESSSS\GAME1017_A2_AbdelnabyCserepka\src\Clouds.cpp(10,15): warning C4244: 'argument': conversion from 'T' to 'int', possible loss of data
          with
          [
              T=float
          ]
C:\Users\Mohammed Abdelnaby\source\repos\YESSSS\GAME1017_A2_AbdelnabyCserepka\src\Clouds.cpp(11,16): warning C4244: 'argument': conversion from 'T' to 'int', possible loss of data
          with
          [
              T=float
          ]
C:\Users\Mohammed Abdelnaby\source\repos\YESSSS\GAME1017_A2_AbdelnabyCserepka\src\Clouds.cpp(21,94): warning C4244: 'argument': conversion from 'T' to 'int', possible loss of data
          with
          [
              T=float
          ]
C:\Users\Mohammed Abdelnaby\source\repos\YESSSS\GAME1017_A2_AbdelnabyCserepka\src\Clouds.cpp(21,66): warning C4244: 'argument': conversion from 'T' to 'int', possible loss of data
          with
          [
              T=float
          ]
C:\Users\Mohammed Abdelnaby\source\repos\YESSSS\GAME1017_A2_AbdelnabyCserepka\src\Clouds.cpp(25,94): warning C4244: 'argument': conversion from 'T' to 'int', possible loss of data
          with
          [
              T=float
          ]
C:\Users\Mohammed Abdelnaby\source\repos\YESSSS\GAME1017_A2_AbdelnabyCserepka\src\Clouds.cpp(25,66): warning C4244: 'argument': conversion from 'T' to 'int', possible loss of data
          with
          [
              T=float
          ]
C:\Users\Mohammed Abdelnaby\source\repos\YESSSS\GAME1017_A2_AbdelnabyCserepka\src\Clouds.cpp(29,94): warning C4244: 'argument': conversion from 'T' to 'int', possible loss of data
          with
          [
              T=float
          ]
C:\Users\Mohammed Abdelnaby\source\repos\YESSSS\GAME1017_A2_AbdelnabyCserepka\src\Clouds.cpp(29,66): warning C4244: 'argument': conversion from 'T' to 'int', possible loss of data
          with
          [
              T=float
          ]
C:\Users\Mohammed Abdelnaby\source\repos\YESSSS\GAME1017_A2_AbdelnabyCserepka\src\Clouds.cpp(33,94): warning C4244: 'argument': conversion from 'T' to 'int', possible loss of data
          with
          [
              T=float
          ]
C:\Users\Mohammed Abdelnaby\source\repos\YESSSS\GAME1017_A2_AbdelnabyCserepka\src\Clouds.cpp(33,66): warning C4244: 'argument': conversion from 'T' to 'int', possible loss of data
          with
          [
              T=float
          ]
  CollisionManager.cpp
C:\Users\Mohammed Abdelnaby\source\repos\YESSSS\GAME1017_A2_AbdelnabyCserepka\src\CollisionManager.cpp(9,28): warning C4244: 'initializing': conversion from 'T' to 'int', possible loss of data
          with
          [
              T=float
          ]
C:\Users\Mohammed Abdelnaby\source\repos\YESSSS\GAME1017_A2_AbdelnabyCserepka\src\CollisionManager.cpp(9,21): warning C4244: 'initializing': conversion from 'T' to 'const int', possible loss of data
          with
          [
              T=float
          ]
C:\Users\Mohammed Abdelnaby\source\repos\YESSSS\GAME1017_A2_AbdelnabyCserepka\src\CollisionManager.cpp(10,28): warning C4244: 'initializing': conversion from 'T' to 'int', possible loss of data
          with
          [
              T=float
          ]
C:\Users\Mohammed Abdelnaby\source\repos\YESSSS\GAME1017_A2_AbdelnabyCserepka\src\CollisionManager.cpp(10,21): warning C4244: 'initializing': conversion from 'T' to 'const int', possible loss of data
          with
          [
              T=float
          ]
C:\Users\Mohammed Abdelnaby\source\repos\YESSSS\GAME1017_A2_AbdelnabyCserepka\src\CollisionManager.cpp(20,72): warning C4244: 'initializing': conversion from 'float' to 'int', possible loss of data
C:\Users\Mohammed Abdelnaby\source\repos\YESSSS\GAME1017_A2_AbdelnabyCserepka\src\CollisionManager.cpp(20,24): warning C4244: 'initializing': conversion from 'float' to 'const int', possible loss of data
C:\Users\Mohammed Abdelnaby\source\repos\YESSSS\GAME1017_A2_AbdelnabyCserepka\src\CollisionManager.cpp(57,41): warning C4244: 'initializing': conversion from 'int' to 'float', possible loss of data
C:\Users\Mohammed Abdelnaby\source\repos\YESSSS\GAME1017_A2_AbdelnabyCserepka\src\CollisionManager.cpp(57,22): warning C4244: 'initializing': conversion from 'int' to 'const float', possible loss of data
C:\Users\Mohammed Abdelnaby\source\repos\YESSSS\GAME1017_A2_AbdelnabyCserepka\src\CollisionManager.cpp(58,43): warning C4244: 'initializing': conversion from 'int' to 'float', possible loss of data
C:\Users\Mohammed Abdelnaby\source\repos\YESSSS\GAME1017_A2_AbdelnabyCserepka\src\CollisionManager.cpp(58,23): warning C4244: 'initializing': conversion from 'int' to 'const float', possible loss of data
C:\Users\Mohammed Abdelnaby\source\repos\YESSSS\GAME1017_A2_AbdelnabyCserepka\src\CollisionManager.cpp(59,41): warning C4244: 'initializing': conversion from 'int' to 'float', possible loss of data
C:\Users\Mohammed Abdelnaby\source\repos\YESSSS\GAME1017_A2_AbdelnabyCserepka\src\CollisionManager.cpp(59,22): warning C4244: 'initializing': conversion from 'int' to 'const float', possible loss of data
C:\Users\Mohammed Abdelnaby\source\repos\YESSSS\GAME1017_A2_AbdelnabyCserepka\src\CollisionManager.cpp(60,43): warning C4244: 'initializing': conversion from 'int' to 'float', possible loss of data
C:\Users\Mohammed Abdelnaby\source\repos\YESSSS\GAME1017_A2_AbdelnabyCserepka\src\CollisionManager.cpp(60,23): warning C4244: 'initializing': conversion from 'int' to 'const float', possible loss of data
C:\Users\Mohammed Abdelnaby\source\repos\YESSSS\GAME1017_A2_AbdelnabyCserepka\src\CollisionManager.cpp(174,9): warning C4244: 'return': conversion from 'float' to 'int', possible loss of data
C:\Users\Mohammed Abdelnaby\source\repos\YESSSS\GAME1017_A2_AbdelnabyCserepka\src\CollisionManager.cpp(183,36): warning C4244: 'initializing': conversion from 'float' to 'int', possible loss of data
C:\Users\Mohammed Abdelnaby\source\repos\YESSSS\GAME1017_A2_AbdelnabyCserepka\src\CollisionManager.cpp(183,25): warning C4244: 'initializing': conversion from 'float' to 'const int', possible loss of data
C:\Users\Mohammed Abdelnaby\source\repos\YESSSS\GAME1017_A2_AbdelnabyCserepka\src\CollisionManager.cpp(185,38): warning C4244: 'initializing': conversion from 'float' to 'int', possible loss of data
C:\Users\Mohammed Abdelnaby\source\repos\YESSSS\GAME1017_A2_AbdelnabyCserepka\src\CollisionManager.cpp(185,26): warning C4244: 'initializing': conversion from 'float' to 'const int', possible loss of data
C:\Users\Mohammed Abdelnaby\source\repos\YESSSS\GAME1017_A2_AbdelnabyCserepka\src\CollisionManager.cpp(188,60): warning C4244: 'argument': conversion from 'const int' to 'float', possible loss of data
C:\Users\Mohammed Abdelnaby\source\repos\YESSSS\GAME1017_A2_AbdelnabyCserepka\src\CollisionManager.cpp(188,50): warning C4244: 'argument': conversion from 'const int' to 'float', possible loss of data
C:\Users\Mohammed Abdelnaby\source\repos\YESSSS\GAME1017_A2_AbdelnabyCserepka\src\CollisionManager.cpp(214,19): warning C4244: 'return': conversion from '_Ty' to 'int', possible loss of data
          with
          [
              _Ty=float
          ]
C:\Users\Mohammed Abdelnaby\source\repos\YESSSS\GAME1017_A2_AbdelnabyCserepka\src\CollisionManager.cpp(221,35): warning C4244: 'initializing': conversion from 'const _Ty' to 'int', possible loss of data
          with
          [
              _Ty=float
          ]
C:\Users\Mohammed Abdelnaby\source\repos\YESSSS\GAME1017_A2_AbdelnabyCserepka\src\CollisionManager.cpp(221,25): warning C4244: 'initializing': conversion from 'const _Ty' to 'const int', possible loss of data
          with
          [
              _Ty=float
          ]
C:\Users\Mohammed Abdelnaby\source\repos\YESSSS\GAME1017_A2_AbdelnabyCserepka\src\CollisionManager.cpp(224,19): warning C4244: 'initializing': conversion from 'float' to 'int', possible loss of data
C:\Users\Mohammed Abdelnaby\source\repos\YESSSS\GAME1017_A2_AbdelnabyCserepka\src\CollisionManager.cpp(226,20): warning C4244: 'initializing': conversion from 'float' to 'int', possible loss of data
C:\Users\Mohammed Abdelnaby\source\repos\YESSSS\GAME1017_A2_AbdelnabyCserepka\src\CollisionManager.cpp(303,38): warning C4244: 'initializing': conversion from 'double' to 'float', possible loss of data
C:\Users\Mohammed Abdelnaby\source\repos\YESSSS\GAME1017_A2_AbdelnabyCserepka\src\CollisionManager.cpp(303,23): warning C4244: 'initializing': conversion from 'double' to 'const float', possible loss of data
C:\Users\Mohammed Abdelnaby\source\repos\YESSSS\GAME1017_A2_AbdelnabyCserepka\src\CollisionManager.cpp(304,38): warning C4244: 'initializing': conversion from 'double' to 'float', possible loss of data
C:\Users\Mohammed Abdelnaby\source\repos\YESSSS\GAME1017_A2_AbdelnabyCserepka\src\CollisionManager.cpp(304,23): warning C4244: 'initializing': conversion from 'double' to 'const float', possible loss of data
  ExtraScroll.cpp
C:\Users\Mohammed Abdelnaby\source\repos\YESSSS\GAME1017_A2_AbdelnabyCserepka\src\ExtraScroll.cpp(7,15): warning C4244: 'argument': conversion from 'T' to 'int', possible loss of data
          with
          [
              T=float
          ]
C:\Users\Mohammed Abdelnaby\source\repos\YESSSS\GAME1017_A2_AbdelnabyCserepka\src\ExtraScroll.cpp(8,16): warning C4244: 'argument': conversion from 'T' to 'int', possible loss of data
          with
          [
              T=float
          ]
C:\Users\Mohammed Abdelnaby\source\repos\YESSSS\GAME1017_A2_AbdelnabyCserepka\src\ExtraScroll.cpp(17,93): warning C4244: 'argument': conversion from 'T' to 'int', possible loss of data
          with
          [
              T=float
          ]
C:\Users\Mohammed Abdelnaby\source\repos\YESSSS\GAME1017_A2_AbdelnabyCserepka\src\ExtraScroll.cpp(17,65): warning C4244: 'argument': conversion from 'T' to 'int', possible loss of data
          with
          [
              T=float
          ]
  ForeGround.cpp
C:\Users\Mohammed Abdelnaby\source\repos\YESSSS\GAME1017_A2_AbdelnabyCserepka\src\ForeGround.cpp(10,15): warning C4244: 'argument': conversion from 'T' to 'int', possible loss of data
          with
          [
              T=float
          ]
C:\Users\Mohammed Abdelnaby\source\repos\YESSSS\GAME1017_A2_AbdelnabyCserepka\src\ForeGround.cpp(11,16): warning C4244: 'argument': conversion from 'T' to 'int', possible loss of data
          with
          [
              T=float
          ]
C:\Users\Mohammed Abdelnaby\source\repos\YESSSS\GAME1017_A2_AbdelnabyCserepka\src\ForeGround.cpp(21,95): warning C4244: 'argument': conversion from 'T' to 'int', possible loss of data
          with
          [
              T=float
          ]
C:\Users\Mohammed Abdelnaby\source\repos\YESSSS\GAME1017_A2_AbdelnabyCserepka\src\ForeGround.cpp(21,67): warning C4244: 'argument': conversion from 'T' to 'int', possible loss of data
          with
          [
              T=float
          ]
C:\Users\Mohammed Abdelnaby\source\repos\YESSSS\GAME1017_A2_AbdelnabyCserepka\src\ForeGround.cpp(25,95): warning C4244: 'argument': conversion from 'T' to 'int', possible loss of data
          with
          [
              T=float
          ]
C:\Users\Mohammed Abdelnaby\source\repos\YESSSS\GAME1017_A2_AbdelnabyCserepka\src\ForeGround.cpp(25,67): warning C4244: 'argument': conversion from 'T' to 'int', possible loss of data
          with
          [
              T=float
          ]
C:\Users\Mohammed Abdelnaby\source\repos\YESSSS\GAME1017_A2_AbdelnabyCserepka\src\ForeGround.cpp(29,95): warning C4244: 'argument': conversion from 'T' to 'int', possible loss of data
          with
          [
              T=float
          ]
C:\Users\Mohammed Abdelnaby\source\repos\YESSSS\GAME1017_A2_AbdelnabyCserepka\src\ForeGround.cpp(29,67): warning C4244: 'argument': conversion from 'T' to 'int', possible loss of data
          with
          [
              T=float
          ]
C:\Users\Mohammed Abdelnaby\source\repos\YESSSS\GAME1017_A2_AbdelnabyCserepka\src\ForeGround.cpp(33,95): warning C4244: 'argument': conversion from 'T' to 'int', possible loss of data
          with
          [
              T=float
          ]
C:\Users\Mohammed Abdelnaby\source\repos\YESSSS\GAME1017_A2_AbdelnabyCserepka\src\ForeGround.cpp(33,67): warning C4244: 'argument': conversion from 'T' to 'int', possible loss of data
          with
          [
              T=float
          ]
  Ground.cpp
C:\Users\Mohammed Abdelnaby\source\repos\YESSSS\GAME1017_A2_AbdelnabyCserepka\src\Ground.cpp(7,15): warning C4244: 'argument': conversion from 'T' to 'int', possible loss of data
          with
          [
              T=float
          ]
C:\Users\Mohammed Abdelnaby\source\repos\YESSSS\GAME1017_A2_AbdelnabyCserepka\src\Ground.cpp(8,16): warning C4244: 'argument': conversion from 'T' to 'int', possible loss of data
          with
          [
              T=float
          ]
C:\Users\Mohammed Abdelnaby\source\repos\YESSSS\GAME1017_A2_AbdelnabyCserepka\src\Ground.cpp(17,97): warning C4244: 'argument': conversion from 'T' to 'int', possible loss of data
          with
          [
              T=float
          ]
C:\Users\Mohammed Abdelnaby\source\repos\YESSSS\GAME1017_A2_AbdelnabyCserepka\src\Ground.cpp(17,69): warning C4244: 'argument': conversion from 'T' to 'int', possible loss of data
          with
          [
              T=float
          ]
  MidGround.cpp
C:\Users\Mohammed Abdelnaby\source\repos\YESSSS\GAME1017_A2_AbdelnabyCserepka\src\MidGround.cpp(7,15): warning C4244: 'argument': conversion from 'T' to 'int', possible loss of data
          with
          [
              T=float
          ]
C:\Users\Mohammed Abdelnaby\source\repos\YESSSS\GAME1017_A2_AbdelnabyCserepka\src\MidGround.cpp(8,16): warning C4244: 'argument': conversion from 'T' to 'int', possible loss of data
          with
          [
              T=float
          ]
C:\Users\Mohammed Abdelnaby\source\repos\YESSSS\GAME1017_A2_AbdelnabyCserepka\src\MidGround.cpp(17,93): warning C4244: 'argument': conversion from 'T' to 'int', possible loss of data
          with
          [
              T=float
          ]
C:\Users\Mohammed Abdelnaby\source\repos\YESSSS\GAME1017_A2_AbdelnabyCserepka\src\MidGround.cpp(17,65): warning C4244: 'argument': conversion from 'T' to 'int', possible loss of data
          with
          [
              T=float
          ]
  Moon.cpp
C:\Users\Mohammed Abdelnaby\source\repos\YESSSS\GAME1017_A2_AbdelnabyCserepka\src\Moon.cpp(7,15): warning C4244: 'argument': conversion from 'T' to 'int', possible loss of data
          with
          [
              T=float
          ]
C:\Users\Mohammed Abdelnaby\source\repos\YESSSS\GAME1017_A2_AbdelnabyCserepka\src\Moon.cpp(8,16): warning C4244: 'argument': conversion from 'T' to 'int', possible loss of data
          with
          [
              T=float
          ]
C:\Users\Mohammed Abdelnaby\source\repos\YESSSS\GAME1017_A2_AbdelnabyCserepka\src\Moon.cpp(17,93): warning C4244: 'argument': conversion from 'T' to 'int', possible loss of data
          with
          [
              T=float
          ]
C:\Users\Mohammed Abdelnaby\source\repos\YESSSS\GAME1017_A2_AbdelnabyCserepka\src\Moon.cpp(17,65): warning C4244: 'argument': conversion from 'T' to 'int', possible loss of data
          with
          [
              T=float
          ]
  Obstacle.cpp
C:\Users\Mohammed Abdelnaby\source\repos\YESSSS\GAME1017_A2_AbdelnabyCserepka\src\Obstacle.cpp(9,15): warning C4244: 'argument': conversion from 'T' to 'int', possible loss of data
          with
          [
              T=float
          ]
C:\Users\Mohammed Abdelnaby\source\repos\YESSSS\GAME1017_A2_AbdelnabyCserepka\src\Obstacle.cpp(10,16): warning C4244: 'argument': conversion from 'T' to 'int', possible loss of data
          with
          [
              T=float
          ]
C:\Users\Mohammed Abdelnaby\source\repos\YESSSS\GAME1017_A2_AbdelnabyCserepka\src\Obstacle.cpp(21,101): warning C4244: 'argument': conversion from 'T' to 'int', possible loss of data
          with
          [
              T=float
          ]
C:\Users\Mohammed Abdelnaby\source\repos\YESSSS\GAME1017_A2_AbdelnabyCserepka\src\Obstacle.cpp(21,73): warning C4244: 'argument': conversion from 'T' to 'int', possible loss of data
          with
          [
              T=float
          ]
C:\Users\Mohammed Abdelnaby\source\repos\YESSSS\GAME1017_A2_AbdelnabyCserepka\src\Obstacle.cpp(25,102): warning C4244: 'argument': conversion from 'T' to 'int', possible loss of data
          with
          [
              T=float
          ]
C:\Users\Mohammed Abdelnaby\source\repos\YESSSS\GAME1017_A2_AbdelnabyCserepka\src\Obstacle.cpp(25,74): warning C4244: 'argument': conversion from 'T' to 'int', possible loss of data
          with
          [
              T=float
          ]
C:\Users\Mohammed Abdelnaby\source\repos\YESSSS\GAME1017_A2_AbdelnabyCserepka\src\Obstacle.cpp(29,99): warning C4244: 'argument': conversion from 'T' to 'int', possible loss of data
          with
          [
              T=float
          ]
C:\Users\Mohammed Abdelnaby\source\repos\YESSSS\GAME1017_A2_AbdelnabyCserepka\src\Obstacle.cpp(29,71): warning C4244: 'argument': conversion from 'T' to 'int', possible loss of data
          with
          [
              T=float
          ]
  PauseScene.cpp
C:\Users\Mohammed Abdelnaby\source\repos\YESSSS\GAME1017_A2_AbdelnabyCserepka\src\PauseScene.cpp(7,15): warning C4244: 'argument': conversion from 'T' to 'int', possible loss of data
          with
          [
              T=float
          ]
C:\Users\Mohammed Abdelnaby\source\repos\YESSSS\GAME1017_A2_AbdelnabyCserepka\src\PauseScene.cpp(8,16): warning C4244: 'argument': conversion from 'T' to 'int', possible loss of data
          with
          [
              T=float
          ]
C:\Users\Mohammed Abdelnaby\source\repos\YESSSS\GAME1017_A2_AbdelnabyCserepka\src\PauseScene.cpp(24,101): warning C4244: 'argument': conversion from 'T' to 'int', possible loss of data
          with
          [
              T=float
          ]
C:\Users\Mohammed Abdelnaby\source\repos\YESSSS\GAME1017_A2_AbdelnabyCserepka\src\PauseScene.cpp(24,73): warning C4244: 'argument': conversion from 'T' to 'int', possible loss of data
          with
          [
              T=float
          ]
  Sprite.cpp
  UIControl.cpp
C:\Users\Mohammed Abdelnaby\source\repos\YESSSS\GAME1017_A2_AbdelnabyCserepka\src\UIControl.cpp(33,101): warning C4244: 'argument': conversion from 'int' to 'float', possible loss of data
C:\Users\Mohammed Abdelnaby\source\repos\YESSSS\GAME1017_A2_AbdelnabyCserepka\src\UIControl.cpp(33,88): warning C4244: 'argument': conversion from 'int' to 'float', possible loss of data
  DisplayObject.cpp
  EndScene.cpp
  Generating Code...
  Compiling...
  FontManager.cpp
  Game.cpp
  GameController.cpp
  GameObject.cpp
  Label.cpp
C:\Users\Mohammed Abdelnaby\source\repos\YESSSS\GAME1017_A2_AbdelnabyCserepka\src\Label.cpp(15,15): warning C4244: 'argument': conversion from 'const T' to 'int', possible loss of data
          with
          [
              T=float
          ]
C:\Users\Mohammed Abdelnaby\source\repos\YESSSS\GAME1017_A2_AbdelnabyCserepka\src\Label.cpp(16,16): warning C4244: 'argument': conversion from 'const T' to 'int', possible loss of data
          with
          [
              T=float
          ]
C:\Users\Mohammed Abdelnaby\source\repos\YESSSS\GAME1017_A2_AbdelnabyCserepka\src\Label.cpp(30,52): warning C4244: 'argument': conversion from 'const T' to 'int', possible loss of data
          with
          [
              T=float
          ]
C:\Users\Mohammed Abdelnaby\source\repos\YESSSS\GAME1017_A2_AbdelnabyCserepka\src\Label.cpp(30,49): warning C4244: 'argument': conversion from 'const T' to 'int', possible loss of data
          with
          [
              T=float
          ]
C:\Users\Mohammed Abdelnaby\source\repos\YESSSS\GAME1017_A2_AbdelnabyCserepka\src\Label.cpp(52,15): warning C4244: 'argument': conversion from 'const T' to 'int', possible loss of data
          with
          [
              T=float
          ]
C:\Users\Mohammed Abdelnaby\source\repos\YESSSS\GAME1017_A2_AbdelnabyCserepka\src\Label.cpp(53,16): warning C4244: 'argument': conversion from 'const T' to 'int', possible loss of data
          with
          [
              T=float
          ]
C:\Users\Mohammed Abdelnaby\source\repos\YESSSS\GAME1017_A2_AbdelnabyCserepka\src\Label.cpp(71,15): warning C4244: 'argument': conversion from 'const T' to 'int', possible loss of data
          with
          [
              T=float
          ]
C:\Users\Mohammed Abdelnaby\source\repos\YESSSS\GAME1017_A2_AbdelnabyCserepka\src\Label.cpp(72,16): warning C4244: 'argument': conversion from 'const T' to 'int', possible loss of data
          with
          [
              T=float
          ]
  PlayScene.cpp
C:\Users\Mohammed Abdelnaby\source\repos\YESSSS\GAME1017_A2_AbdelnabyCserepka\src\PlayScene.cpp(236,75): warning C4244: '=': conversion from 'int' to 'T', possible loss of data
          with
          [
              T=float
          ]
C:\Users\Mohammed Abdelnaby\source\repos\YESSSS\GAME1017_A2_AbdelnabyCserepka\src\PlayScene.cpp(239,75): warning C4244: '=': conversion from 'int' to 'T', possible loss of data
          with
          [
              T=float
          ]
C:\Users\Mohammed Abdelnaby\source\repos\YESSSS\GAME1017_A2_AbdelnabyCserepka\src\PlayScene.cpp(254,75): warning C4244: '=': conversion from 'int' to 'T', possible loss of data
          with
          [
              T=float
          ]
C:\Users\Mohammed Abdelnaby\source\repos\YESSSS\GAME1017_A2_AbdelnabyCserepka\src\PlayScene.cpp(261,75): warning C4244: '=': conversion from 'int' to 'T', possible loss of data
          with
          [
              T=float
          ]
C:\Users\Mohammed Abdelnaby\source\repos\YESSSS\GAME1017_A2_AbdelnabyCserepka\src\PlayScene.cpp(271,73): warning C4244: '=': conversion from 'int' to 'T', possible loss of data
          with
          [
              T=float
          ]
C:\Users\Mohammed Abdelnaby\source\repos\YESSSS\GAME1017_A2_AbdelnabyCserepka\src\PlayScene.cpp(274,73): warning C4244: '=': conversion from 'int' to 'T', possible loss of data
          with
          [
              T=float
          ]
C:\Users\Mohammed Abdelnaby\source\repos\YESSSS\GAME1017_A2_AbdelnabyCserepka\src\PlayScene.cpp(283,77): warning C4244: '=': conversion from 'int' to 'T', possible loss of data
          with
          [
              T=float
          ]
C:\Users\Mohammed Abdelnaby\source\repos\YESSSS\GAME1017_A2_AbdelnabyCserepka\src\PlayScene.cpp(286,77): warning C4244: '=': conversion from 'int' to 'T', possible loss of data
          with
          [
              T=float
          ]
  main.cpp
C:\Users\Mohammed Abdelnaby\source\repos\YESSSS\GAME1017_A2_AbdelnabyCserepka\src\main.cpp(9,32): warning C4244: 'initializing': conversion from 'float' to 'int', possible loss of data
  Plane.cpp
C:\Users\Mohammed Abdelnaby\source\repos\YESSSS\GAME1017_A2_AbdelnabyCserepka\src\Plane.cpp(40,6): warning C4244: 'argument': conversion from 'const T' to 'int', possible loss of data
          with
          [
              T=float
          ]
C:\Users\Mohammed Abdelnaby\source\repos\YESSSS\GAME1017_A2_AbdelnabyCserepka\src\Plane.cpp(40,3): warning C4244: 'argument': conversion from 'const T' to 'int', possible loss of data
          with
          [
              T=float
          ]
  Player.cpp
C:\Users\Mohammed Abdelnaby\source\repos\YESSSS\GAME1017_A2_AbdelnabyCserepka\src\Player.cpp(47,7): warning C4244: 'argument': conversion from 'const T' to 'int', possible loss of data
          with
          [
              T=float
          ]
C:\Users\Mohammed Abdelnaby\source\repos\YESSSS\GAME1017_A2_AbdelnabyCserepka\src\Player.cpp(47,4): warning C4244: 'argument': conversion from 'const T' to 'int', possible loss of data
          with
          [
              T=float
          ]
C:\Users\Mohammed Abdelnaby\source\repos\YESSSS\GAME1017_A2_AbdelnabyCserepka\src\Player.cpp(52,7): warning C4244: 'argument': conversion from 'const T' to 'int', possible loss of data
          with
          [
              T=float
          ]
C:\Users\Mohammed Abdelnaby\source\repos\YESSSS\GAME1017_A2_AbdelnabyCserepka\src\Player.cpp(52,4): warning C4244: 'argument': conversion from 'const T' to 'int', possible loss of data
          with
          [
              T=float
          ]
C:\Users\Mohammed Abdelnaby\source\repos\YESSSS\GAME1017_A2_AbdelnabyCserepka\src\Player.cpp(69,80): warning C4244: '+=': conversion from 'double' to 'T', possible loss of data
          with
          [
              T=float
          ]
  Renderer.cpp
  Scene.cpp
  ship.cpp
C:\Users\Mohammed Abdelnaby\source\repos\YESSSS\GAME1017_A2_AbdelnabyCserepka\src\ship.cpp(12,15): warning C4244: 'argument': conversion from 'T' to 'int', possible loss of data
          with
          [
              T=float
          ]
C:\Users\Mohammed Abdelnaby\source\repos\YESSSS\GAME1017_A2_AbdelnabyCserepka\src\ship.cpp(13,16): warning C4244: 'argument': conversion from 'T' to 'int', possible loss of data
          with
          [
              T=float
          ]
C:\Users\Mohammed Abdelnaby\source\repos\YESSSS\GAME1017_A2_AbdelnabyCserepka\src\ship.cpp(37,46): warning C4244: 'argument': conversion from 'const T' to 'int', possible loss of data
          with
          [
              T=float
          ]
C:\Users\Mohammed Abdelnaby\source\repos\YESSSS\GAME1017_A2_AbdelnabyCserepka\src\ship.cpp(37,43): warning C4244: 'argument': conversion from 'const T' to 'int', possible loss of data
          with
          [
              T=float
          ]
C:\Users\Mohammed Abdelnaby\source\repos\YESSSS\GAME1017_A2_AbdelnabyCserepka\src\ship.cpp(149,35): warning C4244: 'initializing': conversion from 'float' to 'int', possible loss of data
C:\Users\Mohammed Abdelnaby\source\repos\YESSSS\GAME1017_A2_AbdelnabyCserepka\src\ship.cpp(149,22): warning C4244: 'initializing': conversion from 'float' to 'const int', possible loss of data
  SoundManager.cpp
C:\Users\Mohammed Abdelnaby\source\repos\YESSSS\GAME1017_A2_AbdelnabyCserepka\src\SoundManager.cpp(146,27): warning C4244: 'initializing': conversion from '_Ty' to 'int', possible loss of data
          with
          [
              _Ty=double
          ]
C:\Users\Mohammed Abdelnaby\source\repos\YESSSS\GAME1017_A2_AbdelnabyCserepka\src\SoundManager.cpp(146,20): warning C4244: 'initializing': conversion from '_Ty' to 'const int', possible loss of data
          with
          [
              _Ty=double
          ]
C:\Users\Mohammed Abdelnaby\source\repos\YESSSS\GAME1017_A2_AbdelnabyCserepka\src\SoundManager.cpp(148,28): warning C4244: 'initializing': conversion from '_Ty' to 'int', possible loss of data
          with
          [
              _Ty=double
          ]
C:\Users\Mohammed Abdelnaby\source\repos\YESSSS\GAME1017_A2_AbdelnabyCserepka\src\SoundManager.cpp(148,21): warning C4244: 'initializing': conversion from '_Ty' to 'const int', possible loss of data
          with
          [
              _Ty=double
          ]
  EventManager.cpp
C:\Users\Mohammed Abdelnaby\source\repos\YESSSS\GAME1017_A2_AbdelnabyCserepka\src\EventManager.cpp(119,29): warning C4018: '<': signed/unsigned mismatch
C:\Users\Mohammed Abdelnaby\source\repos\YESSSS\GAME1017_A2_AbdelnabyCserepka\src\EventManager.cpp(178,37): warning C4244: '=': conversion from 'Sint32' to 'T', possible loss of data
          with
          [
              T=float
          ]
C:\Users\Mohammed Abdelnaby\source\repos\YESSSS\GAME1017_A2_AbdelnabyCserepka\src\EventManager.cpp(179,37): warning C4244: '=': conversion from 'Sint32' to 'T', possible loss of data
          with
          [
              T=float
          ]
  SpriteSheet.cpp
  StartScene.cpp
C:\Users\Mohammed Abdelnaby\source\repos\YESSSS\GAME1017_A2_AbdelnabyCserepka\src\StartScene.cpp(135,67): warning C4244: '=': conversion from 'int' to 'T', possible loss of data
          with
          [
              T=float
          ]
C:\Users\Mohammed Abdelnaby\source\repos\YESSSS\GAME1017_A2_AbdelnabyCserepka\src\StartScene.cpp(142,67): warning C4244: '=': conversion from 'int' to 'T', possible loss of data
          with
          [
              T=float
          ]
  Target.cpp
C:\Users\Mohammed Abdelnaby\source\repos\YESSSS\GAME1017_A2_AbdelnabyCserepka\src\Target.cpp(10,15): warning C4244: 'argument': conversion from 'const T' to 'int', possible loss of data
          with
          [
              T=float
          ]
C:\Users\Mohammed Abdelnaby\source\repos\YESSSS\GAME1017_A2_AbdelnabyCserepka\src\Target.cpp(11,16): warning C4244: 'argument': conversion from 'const T' to 'int', possible loss of data
          with
          [
              T=float
          ]
C:\Users\Mohammed Abdelnaby\source\repos\YESSSS\GAME1017_A2_AbdelnabyCserepka\src\Target.cpp(29,48): warning C4244: 'argument': conversion from 'const T' to 'int', possible loss of data
          with
          [
              T=float
          ]
C:\Users\Mohammed Abdelnaby\source\repos\YESSSS\GAME1017_A2_AbdelnabyCserepka\src\Target.cpp(29,45): warning C4244: 'argument': conversion from 'const T' to 'int', possible loss of data
          with
          [
              T=float
          ]
  TextureManager.cpp
C:\Users\Mohammed Abdelnaby\source\repos\YESSSS\GAME1017_A2_AbdelnabyCserepka\src\TextureManager.cpp(137,36): warning C4244: 'initializing': conversion from 'double' to 'int', possible loss of data
C:\Users\Mohammed Abdelnaby\source\repos\YESSSS\GAME1017_A2_AbdelnabyCserepka\src\TextureManager.cpp(137,21): warning C4244: 'initializing': conversion from 'double' to 'const int', possible loss of data
C:\Users\Mohammed Abdelnaby\source\repos\YESSSS\GAME1017_A2_AbdelnabyCserepka\src\TextureManager.cpp(138,37): warning C4244: 'initializing': conversion from 'double' to 'int', possible loss of data
C:\Users\Mohammed Abdelnaby\source\repos\YESSSS\GAME1017_A2_AbdelnabyCserepka\src\TextureManager.cpp(138,21): warning C4244: 'initializing': conversion from 'double' to 'const int', possible loss of data
C:\Users\Mohammed Abdelnaby\source\repos\YESSSS\GAME1017_A2_AbdelnabyCserepka\src\TextureManager.cpp(180,36): warning C4244: 'initializing': conversion from 'double' to 'int', possible loss of data
C:\Users\Mohammed Abdelnaby\source\repos\YESSSS\GAME1017_A2_AbdelnabyCserepka\src\TextureManager.cpp(180,21): warning C4244: 'initializing': conversion from 'double' to 'const int', possible loss of data
C:\Users\Mohammed Abdelnaby\source\repos\YESSSS\GAME1017_A2_AbdelnabyCserepka\src\TextureManager.cpp(181,37): warning C4244: 'initializing': conversion from 'double' to 'int', possible loss of data
C:\Users\Mohammed Abdelnaby\source\repos\YESSSS\GAME1017_A2_AbdelnabyCserepka\src\TextureManager.cpp(181,21): warning C4244: 'initializing': conversion from 'double' to 'const int', possible loss of data
C:\Users\Mohammed Abdelnaby\source\repos\YESSSS\GAME1017_A2_AbdelnabyCserepka\src\TextureManager.cpp(197,34): warning C4244: 'initializing': conversion from 'float' to 'int', possible loss of data
C:\Users\Mohammed Abdelnaby\source\repos\YESSSS\GAME1017_A2_AbdelnabyCserepka\src\TextureManager.cpp(197,26): warning C4244: 'initializing': conversion from 'float' to 'const int', possible loss of data
C:\Users\Mohammed Abdelnaby\source\repos\YESSSS\GAME1017_A2_AbdelnabyCserepka\src\TextureManager.cpp(225,33): warning C4244: 'initializing': conversion from 'float' to 'int', possible loss of data
C:\Users\Mohammed Abdelnaby\source\repos\YESSSS\GAME1017_A2_AbdelnabyCserepka\src\TextureManager.cpp(225,26): warning C4244: 'initializing': conversion from 'float' to 'const int', possible loss of data
C:\Users\Mohammed Abdelnaby\source\repos\YESSSS\GAME1017_A2_AbdelnabyCserepka\src\TextureManager.cpp(232,32): warning C4018: '>': signed/unsigned mismatch
C:\Users\Mohammed Abdelnaby\source\repos\YESSSS\GAME1017_A2_AbdelnabyCserepka\src\TextureManager.cpp(260,36): warning C4244: 'initializing': conversion from 'double' to 'int', possible loss of data
C:\Users\Mohammed Abdelnaby\source\repos\YESSSS\GAME1017_A2_AbdelnabyCserepka\src\TextureManager.cpp(260,21): warning C4244: 'initializing': conversion from 'double' to 'const int', possible loss of data
C:\Users\Mohammed Abdelnaby\source\repos\YESSSS\GAME1017_A2_AbdelnabyCserepka\src\TextureManager.cpp(261,37): warning C4244: 'initializing': conversion from 'double' to 'int', possible loss of data
C:\Users\Mohammed Abdelnaby\source\repos\YESSSS\GAME1017_A2_AbdelnabyCserepka\src\TextureManager.cpp(261,21): warning C4244: 'initializing': conversion from 'double' to 'const int', possible loss of data
C:\Users\Mohammed Abdelnaby\source\repos\YESSSS\GAME1017_A2_AbdelnabyCserepka\src\TextureManager.cpp(290,36): warning C4244: 'initializing': conversion from 'double' to 'int', possible loss of data
C:\Users\Mohammed Abdelnaby\source\repos\YESSSS\GAME1017_A2_AbdelnabyCserepka\src\TextureManager.cpp(290,21): warning C4244: 'initializing': conversion from 'double' to 'const int', possible loss of data
C:\Users\Mohammed Abdelnaby\source\repos\YESSSS\GAME1017_A2_AbdelnabyCserepka\src\TextureManager.cpp(291,37): warning C4244: 'initializing': conversion from 'double' to 'int', possible loss of data
C:\Users\Mohammed Abdelnaby\source\repos\YESSSS\GAME1017_A2_AbdelnabyCserepka\src\TextureManager.cpp(291,21): warning C4244: 'initializing': conversion from 'double' to 'const int', possible loss of data
C:\Users\Mohammed Abdelnaby\source\repos\YESSSS\GAME1017_A2_AbdelnabyCserepka\src\TextureManager.cpp(310,11): warning C4244: '=': conversion from 'int' to 'T', possible loss of data
          with
          [
              T=float
          ]
C:\Users\Mohammed Abdelnaby\source\repos\YESSSS\GAME1017_A2_AbdelnabyCserepka\src\TextureManager.cpp(311,11): warning C4244: '=': conversion from 'int' to 'T', possible loss of data
          with
          [
              T=float
          ]
  Util.cpp
C:\Users\Mohammed Abdelnaby\source\repos\YESSSS\GAME1017_A2_AbdelnabyCserepka\src\Util.cpp(238,15): warning C4244: '=': conversion from 'double' to 'T', possible loss of data
          with
          [
              T=float
          ]
C:\Users\Mohammed Abdelnaby\source\repos\YESSSS\GAME1017_A2_AbdelnabyCserepka\src\Util.cpp(239,15): warning C4244: '=': conversion from 'double' to 'T', possible loss of data
          with
          [
              T=float
          ]
C:\Users\Mohammed Abdelnaby\source\repos\YESSSS\GAME1017_A2_AbdelnabyCserepka\src\Util.cpp(255,16): warning C4244: '=': conversion from 'double' to 'T', possible loss of data
          with
          [
              T=float
          ]
C:\Users\Mohammed Abdelnaby\source\repos\YESSSS\GAME1017_A2_AbdelnabyCserepka\src\Util.cpp(287,8): warning C4244: 'initializing': conversion from 'float' to 'int', possible loss of data
C:\Users\Mohammed Abdelnaby\source\repos\YESSSS\GAME1017_A2_AbdelnabyCserepka\src\Util.cpp(288,8): warning C4244: 'initializing': conversion from 'float' to 'int', possible loss of data
C:\Users\Mohammed Abdelnaby\source\repos\YESSSS\GAME1017_A2_AbdelnabyCserepka\src\Util.cpp(289,8): warning C4244: 'initializing': conversion from 'float' to 'int', possible loss of data
C:\Users\Mohammed Abdelnaby\source\repos\YESSSS\GAME1017_A2_AbdelnabyCserepka\src\Util.cpp(290,8): warning C4244: 'initializing': conversion from 'float' to 'int', possible loss of data
C:\Users\Mohammed Abdelnaby\source\repos\YESSSS\GAME1017_A2_AbdelnabyCserepka\src\Util.cpp(295,59): warning C4244: 'argument': conversion from 'T' to 'int', possible loss of data
          with
          [
              T=float
          ]
C:\Users\Mohammed Abdelnaby\source\repos\YESSSS\GAME1017_A2_AbdelnabyCserepka\src\Util.cpp(295,52): warning C4244: 'argument': conversion from 'T' to 'int', possible loss of data
          with
          [
              T=float
          ]
C:\Users\Mohammed Abdelnaby\source\repos\YESSSS\GAME1017_A2_AbdelnabyCserepka\src\Util.cpp(295,45): warning C4244: 'argument': conversion from 'T' to 'int', possible loss of data
          with
          [
              T=float
          ]
C:\Users\Mohammed Abdelnaby\source\repos\YESSSS\GAME1017_A2_AbdelnabyCserepka\src\Util.cpp(295,36): warning C4244: 'argument': conversion from 'T' to 'int', possible loss of data
          with
          [
              T=float
          ]
C:\Users\Mohammed Abdelnaby\source\repos\YESSSS\GAME1017_A2_AbdelnabyCserepka\src\Util.cpp(301,8): warning C4244: 'initializing': conversion from 'float' to 'int', possible loss of data
C:\Users\Mohammed Abdelnaby\source\repos\YESSSS\GAME1017_A2_AbdelnabyCserepka\src\Util.cpp(302,8): warning C4244: 'initializing': conversion from 'float' to 'int', possible loss of data
C:\Users\Mohammed Abdelnaby\source\repos\YESSSS\GAME1017_A2_AbdelnabyCserepka\src\Util.cpp(303,8): warning C4244: 'initializing': conversion from 'float' to 'int', possible loss of data
C:\Users\Mohammed Abdelnaby\source\repos\YESSSS\GAME1017_A2_AbdelnabyCserepka\src\Util.cpp(304,8): warning C4244: 'initializing': conversion from 'float' to 'int', possible loss of data
C:\Users\Mohammed Abdelnaby\source\repos\YESSSS\GAME1017_A2_AbdelnabyCserepka\src\Util.cpp(307,24): warning C4244: '=': conversion from 'T' to 'int', possible loss of data
          with
          [
              T=float
          ]
C:\Users\Mohammed Abdelnaby\source\repos\YESSSS\GAME1017_A2_AbdelnabyCserepka\src\Util.cpp(308,24): warning C4244: '=': conversion from 'T' to 'int', possible loss of data
          with
          [
              T=float
          ]
C:\Users\Mohammed Abdelnaby\source\repos\YESSSS\GAME1017_A2_AbdelnabyCserepka\src\Util.cpp(321,8): warning C4244: 'initializing': conversion from 'float' to 'int', possible loss of data
C:\Users\Mohammed Abdelnaby\source\repos\YESSSS\GAME1017_A2_AbdelnabyCserepka\src\Util.cpp(322,8): warning C4244: 'initializing': conversion from 'float' to 'int', possible loss of data
C:\Users\Mohammed Abdelnaby\source\repos\YESSSS\GAME1017_A2_AbdelnabyCserepka\src\Util.cpp(323,8): warning C4244: 'initializing': conversion from 'float' to 'int', possible loss of data
C:\Users\Mohammed Abdelnaby\source\repos\YESSSS\GAME1017_A2_AbdelnabyCserepka\src\Util.cpp(324,8): warning C4244: 'initializing': conversion from 'float' to 'int', possible loss of data
C:\Users\Mohammed Abdelnaby\source\repos\YESSSS\GAME1017_A2_AbdelnabyCserepka\src\Util.cpp(329,15): warning C4244: 'initializing': conversion from 'float' to 'int', possible loss of data
C:\Users\Mohammed Abdelnaby\source\repos\YESSSS\GAME1017_A2_AbdelnabyCserepka\src\Util.cpp(343,57): warning C4244: 'argument': conversion from 'T' to 'int', possible loss of data
          with
          [
              T=float
          ]
C:\Users\Mohammed Abdelnaby\source\repos\YESSSS\GAME1017_A2_AbdelnabyCserepka\src\Util.cpp(343,43): warning C4244: 'argument': conversion from 'T' to 'int', possible loss of data
          with
          [
              T=float
          ]
C:\Users\Mohammed Abdelnaby\source\repos\YESSSS\GAME1017_A2_AbdelnabyCserepka\src\Util.cpp(344,57): warning C4244: 'argument': conversion from 'T' to 'int', possible loss of data
          with
          [
              T=float
          ]
C:\Users\Mohammed Abdelnaby\source\repos\YESSSS\GAME1017_A2_AbdelnabyCserepka\src\Util.cpp(344,43): warning C4244: 'argument': conversion from 'T' to 'int', possible loss of data
          with
          [
              T=float
          ]
C:\Users\Mohammed Abdelnaby\source\repos\YESSSS\GAME1017_A2_AbdelnabyCserepka\src\Util.cpp(345,57): warning C4244: 'argument': conversion from 'T' to 'int', possible loss of data
          with
          [
              T=float
          ]
C:\Users\Mohammed Abdelnaby\source\repos\YESSSS\GAME1017_A2_AbdelnabyCserepka\src\Util.cpp(345,43): warning C4244: 'argument': conversion from 'T' to 'int', possible loss of data
          with
          [
              T=float
          ]
C:\Users\Mohammed Abdelnaby\source\repos\YESSSS\GAME1017_A2_AbdelnabyCserepka\src\Util.cpp(346,57): warning C4244: 'argument': conversion from 'T' to 'int', possible loss of data
          with
          [
              T=float
          ]
C:\Users\Mohammed Abdelnaby\source\repos\YESSSS\GAME1017_A2_AbdelnabyCserepka\src\Util.cpp(346,43): warning C4244: 'argument': conversion from 'T' to 'int', possible loss of data
          with
          [
              T=float
          ]
C:\Users\Mohammed Abdelnaby\source\repos\YESSSS\GAME1017_A2_AbdelnabyCserepka\src\Util.cpp(350,57): warning C4244: 'argument': conversion from 'T' to 'int', possible loss of data
          with
          [
              T=float
          ]
C:\Users\Mohammed Abdelnaby\source\repos\YESSSS\GAME1017_A2_AbdelnabyCserepka\src\Util.cpp(350,43): warning C4244: 'argument': conversion from 'T' to 'int', possible loss of data
          with
          [
              T=float
          ]
C:\Users\Mohammed Abdelnaby\source\repos\YESSSS\GAME1017_A2_AbdelnabyCserepka\src\Util.cpp(351,57): warning C4244: 'argument': conversion from 'T' to 'int', possible loss of data
          with
          [
              T=float
          ]
C:\Users\Mohammed Abdelnaby\source\repos\YESSSS\GAME1017_A2_AbdelnabyCserepka\src\Util.cpp(351,43): warning C4244: 'argument': conversion from 'T' to 'int', possible loss of data
          with
          [
              T=float
          ]
C:\Users\Mohammed Abdelnaby\source\repos\YESSSS\GAME1017_A2_AbdelnabyCserepka\src\Util.cpp(352,57): warning C4244: 'argument': conversion from 'T' to 'int', possible loss of data
          with
          [
              T=float
          ]
C:\Users\Mohammed Abdelnaby\source\repos\YESSSS\GAME1017_A2_AbdelnabyCserepka\src\Util.cpp(352,43): warning C4244: 'argument': conversion from 'T' to 'int', possible loss of data
          with
          [
              T=float
          ]
C:\Users\Mohammed Abdelnaby\source\repos\YESSSS\GAME1017_A2_AbdelnabyCserepka\src\Util.cpp(353,57): warning C4244: 'argument': conversion from 'T' to 'int', possible loss of data
          with
          [
              T=float
          ]
C:\Users\Mohammed Abdelnaby\source\repos\YESSSS\GAME1017_A2_AbdelnabyCserepka\src\Util.cpp(353,43): warning C4244: 'argument': conversion from 'T' to 'int', possible loss of data
          with
          [
              T=float
          ]
C:\Users\Mohammed Abdelnaby\source\repos\YESSSS\GAME1017_A2_AbdelnabyCserepka\src\Util.cpp(357,57): warning C4244: 'argument': conversion from 'T' to 'int', possible loss of data
          with
          [
              T=float
          ]
C:\Users\Mohammed Abdelnaby\source\repos\YESSSS\GAME1017_A2_AbdelnabyCserepka\src\Util.cpp(357,43): warning C4244: 'argument': conversion from 'T' to 'int', possible loss of data
          with
          [
              T=float
          ]
C:\Users\Mohammed Abdelnaby\source\repos\YESSSS\GAME1017_A2_AbdelnabyCserepka\src\Util.cpp(358,57): warning C4244: 'argument': conversion from 'T' to 'int', possible loss of data
          with
          [
              T=float
          ]
C:\Users\Mohammed Abdelnaby\source\repos\YESSSS\GAME1017_A2_AbdelnabyCserepka\src\Util.cpp(358,43): warning C4244: 'argument': conversion from 'T' to 'int', possible loss of data
          with
          [
              T=float
          ]
C:\Users\Mohammed Abdelnaby\source\repos\YESSSS\GAME1017_A2_AbdelnabyCserepka\src\Util.cpp(359,57): warning C4244: 'argument': conversion from 'T' to 'int', possible loss of data
          with
          [
              T=float
          ]
C:\Users\Mohammed Abdelnaby\source\repos\YESSSS\GAME1017_A2_AbdelnabyCserepka\src\Util.cpp(359,43): warning C4244: 'argument': conversion from 'T' to 'int', possible loss of data
          with
          [
              T=float
          ]
C:\Users\Mohammed Abdelnaby\source\repos\YESSSS\GAME1017_A2_AbdelnabyCserepka\src\Util.cpp(360,57): warning C4244: 'argument': conversion from 'T' to 'int', possible loss of data
          with
          [
              T=float
          ]
C:\Users\Mohammed Abdelnaby\source\repos\YESSSS\GAME1017_A2_AbdelnabyCserepka\src\Util.cpp(360,43): warning C4244: 'argument': conversion from 'T' to 'int', possible loss of data
          with
          [
              T=float
          ]
C:\Users\Mohammed Abdelnaby\source\repos\YESSSS\GAME1017_A2_AbdelnabyCserepka\src\Util.cpp(364,57): warning C4244: 'argument': conversion from 'T' to 'int', possible loss of data
          with
          [
              T=float
          ]
C:\Users\Mohammed Abdelnaby\source\repos\YESSSS\GAME1017_A2_AbdelnabyCserepka\src\Util.cpp(364,43): warning C4244: 'argument': conversion from 'T' to 'int', possible loss of data
          with
          [
              T=float
          ]
C:\Users\Mohammed Abdelnaby\source\repos\YESSSS\GAME1017_A2_AbdelnabyCserepka\src\Util.cpp(365,57): warning C4244: 'argument': conversion from 'T' to 'int', possible loss of data
          with
          [
              T=float
          ]
C:\Users\Mohammed Abdelnaby\source\repos\YESSSS\GAME1017_A2_AbdelnabyCserepka\src\Util.cpp(365,43): warning C4244: 'argument': conversion from 'T' to 'int', possible loss of data
          with
          [
              T=float
          ]
C:\Users\Mohammed Abdelnaby\source\repos\YESSSS\GAME1017_A2_AbdelnabyCserepka\src\Util.cpp(366,57): warning C4244: 'argument': conversion from 'T' to 'int', possible loss of data
          with
          [
              T=float
          ]
C:\Users\Mohammed Abdelnaby\source\repos\YESSSS\GAME1017_A2_AbdelnabyCserepka\src\Util.cpp(366,43): warning C4244: 'argument': conversion from 'T' to 'int', possible loss of data
          with
          [
              T=float
          ]
C:\Users\Mohammed Abdelnaby\source\repos\YESSSS\GAME1017_A2_AbdelnabyCserepka\src\Util.cpp(367,57): warning C4244: 'argument': conversion from 'T' to 'int', possible loss of data
          with
          [
              T=float
          ]
C:\Users\Mohammed Abdelnaby\source\repos\YESSSS\GAME1017_A2_AbdelnabyCserepka\src\Util.cpp(367,43): warning C4244: 'argument': conversion from 'T' to 'int', possible loss of data
          with
          [
              T=float
          ]
C:\Users\Mohammed Abdelnaby\source\repos\YESSSS\GAME1017_A2_AbdelnabyCserepka\src\Util.cpp(371,57): warning C4244: 'argument': conversion from 'T' to 'int', possible loss of data
          with
          [
              T=float
          ]
C:\Users\Mohammed Abdelnaby\source\repos\YESSSS\GAME1017_A2_AbdelnabyCserepka\src\Util.cpp(371,43): warning C4244: 'argument': conversion from 'T' to 'int', possible loss of data
          with
          [
              T=float
          ]
C:\Users\Mohammed Abdelnaby\source\repos\YESSSS\GAME1017_A2_AbdelnabyCserepka\src\Util.cpp(372,57): warning C4244: 'argument': conversion from 'T' to 'int', possible loss of data
          with
          [
              T=float
          ]
C:\Users\Mohammed Abdelnaby\source\repos\YESSSS\GAME1017_A2_AbdelnabyCserepka\src\Util.cpp(372,43): warning C4244: 'argument': conversion from 'T' to 'int', possible loss of data
          with
          [
              T=float
          ]
C:\Users\Mohammed Abdelnaby\source\repos\YESSSS\GAME1017_A2_AbdelnabyCserepka\src\Util.cpp(373,57): warning C4244: 'argument': conversion from 'T' to 'int', possible loss of data
          with
          [
              T=float
          ]
C:\Users\Mohammed Abdelnaby\source\repos\YESSSS\GAME1017_A2_AbdelnabyCserepka\src\Util.cpp(373,43): warning C4244: 'argument': conversion from 'T' to 'int', possible loss of data
          with
          [
              T=float
          ]
C:\Users\Mohammed Abdelnaby\source\repos\YESSSS\GAME1017_A2_AbdelnabyCserepka\src\Util.cpp(374,57): warning C4244: 'argument': conversion from 'T' to 'int', possible loss of data
          with
          [
              T=float
          ]
C:\Users\Mohammed Abdelnaby\source\repos\YESSSS\GAME1017_A2_AbdelnabyCserepka\src\Util.cpp(374,43): warning C4244: 'argument': conversion from 'T' to 'int', possible loss of data
          with
          [
              T=float
          ]
C:\Users\Mohammed Abdelnaby\source\repos\YESSSS\GAME1017_A2_AbdelnabyCserepka\src\Util.cpp(375,57): warning C4244: 'argument': conversion from 'T' to 'int', possible loss of data
          with
          [
              T=float
          ]
C:\Users\Mohammed Abdelnaby\source\repos\YESSSS\GAME1017_A2_AbdelnabyCserepka\src\Util.cpp(375,43): warning C4244: 'argument': conversion from 'T' to 'int', possible loss of data
          with
          [
              T=float
          ]
C:\Users\Mohammed Abdelnaby\source\repos\YESSSS\GAME1017_A2_AbdelnabyCserepka\src\Util.cpp(376,57): warning C4244: 'argument': conversion from 'T' to 'int', possible loss of data
          with
          [
              T=float
          ]
C:\Users\Mohammed Abdelnaby\source\repos\YESSSS\GAME1017_A2_AbdelnabyCserepka\src\Util.cpp(376,43): warning C4244: 'argument': conversion from 'T' to 'int', possible loss of data
          with
          [
              T=float
          ]
C:\Users\Mohammed Abdelnaby\source\repos\YESSSS\GAME1017_A2_AbdelnabyCserepka\src\Util.cpp(377,57): warning C4244: 'argument': conversion from 'T' to 'int', possible loss of data
          with
          [
              T=float
          ]
C:\Users\Mohammed Abdelnaby\source\repos\YESSSS\GAME1017_A2_AbdelnabyCserepka\src\Util.cpp(377,43): warning C4244: 'argument': conversion from 'T' to 'int', possible loss of data
          with
          [
              T=float
          ]
C:\Users\Mohammed Abdelnaby\source\repos\YESSSS\GAME1017_A2_AbdelnabyCserepka\src\Util.cpp(378,57): warning C4244: 'argument': conversion from 'T' to 'int', possible loss of data
          with
          [
              T=float
          ]
C:\Users\Mohammed Abdelnaby\source\repos\YESSSS\GAME1017_A2_AbdelnabyCserepka\src\Util.cpp(378,43): warning C4244: 'argument': conversion from 'T' to 'int', possible loss of data
          with
          [
              T=float
          ]
C:\Users\Mohammed Abdelnaby\source\repos\YESSSS\GAME1017_A2_AbdelnabyCserepka\src\Util.cpp(405,16): warning C4244: 'initializing': conversion from 'float' to 'int', possible loss of data
C:\Users\Mohammed Abdelnaby\source\repos\YESSSS\GAME1017_A2_AbdelnabyCserepka\src\Util.cpp(406,17): warning C4244: 'initializing': conversion from 'float' to 'int', possible loss of data
C:\Users\Mohammed Abdelnaby\source\repos\YESSSS\GAME1017_A2_AbdelnabyCserepka\src\Util.cpp(411,23): warning C4244: '=': conversion from 'float' to 'int', possible loss of data
C:\Users\Mohammed Abdelnaby\source\repos\YESSSS\GAME1017_A2_AbdelnabyCserepka\src\Util.cpp(421,22): warning C4244: '=': conversion from 'float' to 'int', possible loss of data
C:\Users\Mohammed Abdelnaby\source\repos\YESSSS\GAME1017_A2_AbdelnabyCserepka\src\Util.cpp(430,19): warning C4244: '=': conversion from 'float' to 'int', possible loss of data
  Generating Code...
  Template.vcxproj -> C:\Users\Mohammed Abdelnaby\source\repos\YESSSS\GAME1017_A2_AbdelnabyCserepka\bin\Debug\Template.exe
